[+] Containers:
 |- [+] Container: /Game/ThirdPerson/Maps/ThirdPersonMap
 |   |- [+] ActorDescs:
 |   |   |- Guid:01D2EAB34FE8495EAD15C6BDC9DCC650 BaseClass:/Game/Blueprints/BP_Trap.BP_Trap_C NativeClass:/Script/Engine.Actor Name:BP_Trap_C_UAID_18C04DE5437D95BE01_1808376043 Label:BP_Trap17 SpatiallyLoaded:1 Bounds:IsValid=true, Min=(X=1315.000 Y=1555.000 Z=-15.000), Max=(X=1345.000 Y=1585.000 Z=15.000) RuntimeGrid:None EditorOnly:0 RuntimeOnly:0 HLODRelevant:0
 |   |   |- Guid:02A298B740A4EC6B5B1BA5973ACD5488 BaseClass:/Game/Blueprints/BP_Trap.BP_Trap_C NativeClass:/Script/Engine.Actor Name:BP_Trap_C_UAID_18C04DE5437D95BE01_1637772031 Label:BP_Trap6 SpatiallyLoaded:1 Bounds:IsValid=true, Min=(X=1375.000 Y=1645.000 Z=-15.000), Max=(X=1405.000 Y=1675.000 Z=15.000) RuntimeGrid:None EditorOnly:0 RuntimeOnly:0 HLODRelevant:0
 |   |   |- Guid:08F9DC56444CFFF3F13B379E81EF05BC BaseClass: NativeClass:/Script/Engine.StaticMeshActor Name:StaticMeshActor_16 Label:SM_Cube11 SpatiallyLoaded:1 Bounds:IsValid=true, Min=(X=400.000 Y=2600.000 Z=0.000), Max=(X=700.000 Y=2900.000 Z=200.000) RuntimeGrid:None EditorOnly:0 RuntimeOnly:0 HLODRelevant:1 FolderPath:Block03 FolderGuid:7B7009C345D3D6DD94D3429E1D79C034
 |   |   |- Guid:0A733B864C327F0B589EC8BBDD0265BC BaseClass: NativeClass:/Script/Engine.StaticMeshActor Name:StaticMeshActor_13 Label:SM_Cube9 SpatiallyLoaded:1 Bounds:IsValid=true, Min=(X=1800.000 Y=1500.000 Z=0.000), Max=(X=2000.000 Y=2200.000 Z=100.000) RuntimeGrid:None EditorOnly:0 RuntimeOnly:0 HLODRelevant:1 FolderPath:Block01 FolderGuid:7D23E5AE4C2A421F86AF6986D87E6D05
 |   |   |- Guid:12A2B23843023BE7FC16F1A1701286CA BaseClass:/Game/Blueprints/BP_Trap.BP_Trap_C NativeClass:/Script/Engine.Actor Name:BP_Trap_C_UAID_18C04DE5437D95BE01_1808373041 Label:BP_Trap15 SpatiallyLoaded:1 Bounds:IsValid=true, Min=(X=1315.000 Y=1495.000 Z=-15.000), Max=(X=1345.000 Y=1525.000 Z=15.000) RuntimeGrid:None EditorOnly:0 RuntimeOnly:0 HLODRelevant:0
 |   |   |- Guid:1A789DC8415097E9856E5DB60740F01D BaseClass: NativeClass:/Script/Engine.StaticMeshActor Name:StaticMeshActor_34 Label:SM_QuarterCylinder13 SpatiallyLoaded:1 Bounds:IsValid=true, Min=(X=2000.000 Y=500.000 Z=0.000), Max=(X=2200.000 Y=700.000 Z=100.000) RuntimeGrid:None EditorOnly:0 RuntimeOnly:0 HLODRelevant:1 FolderPath:Cylinder FolderGuid:D075E5BA49330D3EC2503D81A7CF88D1
 |   |   |- Guid:1B9598344A1F20E1A5125DA8A7E9FC0F BaseClass: NativeClass:/Script/Engine.StaticMeshActor Name:StaticMeshActor_22 Label:SM_QuarterCylinder4 SpatiallyLoaded:1 Bounds:IsValid=true, Min=(X=300.000 Y=2600.000 Z=0.000), Max=(X=400.000 Y=2700.000 Z=200.000) RuntimeGrid:None EditorOnly:0 RuntimeOnly:0 HLODRelevant:1 FolderPath:Block03 FolderGuid:7B7009C345D3D6DD94D3429E1D79C034
 |   |   |- Guid:1C0D904E45E706450CBCDDAD1D6E7B48 BaseClass:/Game/Blueprints/BP_Trap.BP_Trap_C NativeClass:/Script/Engine.Actor Name:BP_Trap_C_UAID_18C04DE5437D95BE01_1808381049 Label:BP_Trap23 SpatiallyLoaded:1 Bounds:IsValid=true, Min=(X=1285.000 Y=1645.000 Z=-15.000), Max=(X=1315.000 Y=1675.000 Z=15.000) RuntimeGrid:None EditorOnly:0 RuntimeOnly:0 HLODRelevant:0
 |   |   |- Guid:207AA9DC4EAF2061442CDD84DBD47182 BaseClass:/Game/Blueprints/BP_Trap.BP_Trap_C NativeClass:/Script/Engine.Actor Name:BP_Trap_C_UAID_18C04DE5437D95BE01_1808377044 Label:BP_Trap18 SpatiallyLoaded:1 Bounds:IsValid=true, Min=(X=1315.000 Y=1585.000 Z=-15.000), Max=(X=1345.000 Y=1615.000 Z=15.000) RuntimeGrid:None EditorOnly:0 RuntimeOnly:0 HLODRelevant:0
 |   |   |- Guid:26B8C3BE41021A3F42B61FA534F9181E BaseClass: NativeClass:/Script/Engine.StaticMeshActor Name:StaticMeshActor_20 Label:SM_Cube12 SpatiallyLoaded:1 Bounds:IsValid=true, Min=(X=2500.000 Y=2700.000 Z=0.000), Max=(X=2600.000 Y=2800.000 Z=200.000) RuntimeGrid:None EditorOnly:0 RuntimeOnly:0 HLODRelevant:1 FolderPath:Block02 FolderGuid:EBA23F8248252949750E43911A3A1CDD
 |   |   |- Guid:2A62A1144BCAD3BA0AE67A90DF0F4FF5 BaseClass:/Game/Blueprints/BP_Trap.BP_Trap_C NativeClass:/Script/Engine.Actor Name:BP_Trap_C_UAID_18C04DE5437D95BE01_1677995038 Label:BP_Trap12 SpatiallyLoaded:1 Bounds:IsValid=true, Min=(X=1345.000 Y=1555.000 Z=-15.000), Max=(X=1375.000 Y=1585.000 Z=15.000) RuntimeGrid:None EditorOnly:0 RuntimeOnly:0 HLODRelevant:0
 |   |   |- Guid:2FB58999456391D349DC0F86DAC136ED BaseClass: NativeClass:/Script/Engine.SkyLight Name:SkyLight_1 Label:SkyLight SpatiallyLoaded:0 Bounds:IsValid=true, Min=(X=0.000 Y=0.000 Z=690.000), Max=(X=0.000 Y=0.000 Z=690.000) RuntimeGrid:None EditorOnly:0 RuntimeOnly:0 HLODRelevant:0 FolderPath:Lighting FolderGuid:963EC3EB4002CCE9759E2EBA541A873A
 |   |   |- Guid:31132F0B41BDF3C364C5B483C82EA08E BaseClass:/Game/Blueprints/BP_Trap.BP_Trap_C NativeClass:/Script/Engine.Actor Name:BP_Trap_C_UAID_18C04DE5437D95BE01_1600759027 Label:BP_Trap2 SpatiallyLoaded:1 Bounds:IsValid=true, Min=(X=1375.000 Y=1525.000 Z=-15.000), Max=(X=1405.000 Y=1555.000 Z=15.000) RuntimeGrid:None EditorOnly:0 RuntimeOnly:0 HLODRelevant:0
 |   |   |- Guid:316CF2A6494ACA4C0E4180A87D36AB8F BaseClass: NativeClass:/Script/Engine.ExponentialHeightFog Name:ExponentialHeightFog_0 Label:ExponentialHeightFog SpatiallyLoaded:0 Bounds:IsValid=true, Min=(X=-5600.000 Y=-50.000 Z=-6850.000), Max=(X=-5600.000 Y=-50.000 Z=-6850.000) RuntimeGrid:None EditorOnly:0 RuntimeOnly:0 HLODRelevant:0 FolderPath:Lighting FolderGuid:963EC3EB4002CCE9759E2EBA541A873A
 |   |   |- Guid:32EC7A7B4028BA56C3E0B5AAA353AD53 BaseClass:/Game/Blueprints/BP_Trap.BP_Trap_C NativeClass:/Script/Engine.Actor Name:BP_Trap_C_UAID_18C04DE5437D95BE01_1808386054 Label:BP_Trap28 SpatiallyLoaded:1 Bounds:IsValid=true, Min=(X=1285.000 Y=1495.000 Z=-15.000), Max=(X=1315.000 Y=1525.000 Z=15.000) RuntimeGrid:None EditorOnly:0 RuntimeOnly:0 HLODRelevant:0
 |   |   |- Guid:3A00AA1C422CE54C0BDB60BAF471BFBB BaseClass: NativeClass:/Script/Engine.PlayerStart Name:PlayerStart_0 Label:PlayerStart SpatiallyLoaded:0 Bounds:IsValid=true, Min=(X=860.000 Y=1070.000 Z=0.013), Max=(X=940.000 Y=1150.000 Z=184.013) RuntimeGrid:None EditorOnly:0 RuntimeOnly:0 HLODRelevant:0
 |   |   |- Guid:41C8F1CD4D55BFB57EDDF883B5EEFFBF BaseClass:/Game/Blueprints/BP_Trap.BP_Trap_C NativeClass:/Script/Engine.Actor Name:BP_Trap_C_UAID_18C04DE5437D95BE01_1661758033 Label:BP_Trap8 SpatiallyLoaded:1 Bounds:IsValid=true, Min=(X=1345.000 Y=1675.000 Z=-15.000), Max=(X=1375.000 Y=1705.000 Z=15.000) RuntimeGrid:None EditorOnly:0 RuntimeOnly:0 HLODRelevant:0
 |   |   |- Guid:43815E84492231AFC407F59E3C28176B BaseClass: NativeClass:/Script/Engine.StaticMeshActor Name:StaticMeshActor_4 Label:SM_Cube6 SpatiallyLoaded:1 Bounds:IsValid=true, Min=(X=2900.000 Y=100.000 Z=0.000), Max=(X=3000.000 Y=3400.000 Z=400.000) RuntimeGrid:None EditorOnly:0 RuntimeOnly:0 HLODRelevant:1 FolderPath:Playground FolderGuid:C73F09FC4215536B1DCE2A9E0A830C70
 |   |   |- Guid:45B773634519D30E10FD8FB0F93E4148 BaseClass:/Game/Blueprints/BP_Trap.BP_Trap_C NativeClass:/Script/Engine.Actor Name:BP_Trap_C_UAID_18C04DE5437D95BE01_1808385053 Label:BP_Trap27 SpatiallyLoaded:1 Bounds:IsValid=true, Min=(X=1285.000 Y=1525.000 Z=-15.000), Max=(X=1315.000 Y=1555.000 Z=15.000) RuntimeGrid:None EditorOnly:0 RuntimeOnly:0 HLODRelevant:0
 |   |   |- Guid:4BC198F548FA2B83AA624DB28245423C BaseClass:/Game/Blueprints/BP_Trap.BP_Trap_C NativeClass:/Script/Engine.Actor Name:BP_Trap_C_UAID_18C04DE5437D95BE01_1808383051 Label:BP_Trap25 SpatiallyLoaded:1 Bounds:IsValid=true, Min=(X=1285.000 Y=1585.000 Z=-15.000), Max=(X=1315.000 Y=1615.000 Z=15.000) RuntimeGrid:None EditorOnly:0 RuntimeOnly:0 HLODRelevant:0
 |   |   |- Guid:4D3BE93F4146AAAC8BBE79999D96D57F BaseClass: NativeClass:/Script/Engine.VolumetricCloud Name:VolumetricCloud_0 Label:VolumetricCloud SpatiallyLoaded:0 Bounds:IsValid=true, Min=(X=0.000 Y=0.000 Z=820.000), Max=(X=0.000 Y=0.000 Z=820.000) RuntimeGrid:None EditorOnly:0 RuntimeOnly:0 HLODRelevant:0 FolderPath:Lighting FolderGuid:963EC3EB4002CCE9759E2EBA541A873A
 |   |   |- Guid:4DCE921043153C1E389453A669D972A5 BaseClass:/Game/Blueprints/BP_Trap.BP_Trap_C NativeClass:/Script/Engine.Actor Name:BP_Trap_C_UAID_18C04DE5437D95BE01_1587101023 Label:BP_Trap SpatiallyLoaded:1 Bounds:IsValid=true, Min=(X=1375.000 Y=1495.000 Z=-15.000), Max=(X=1405.000 Y=1525.000 Z=15.000) RuntimeGrid:None EditorOnly:0 RuntimeOnly:0 HLODRelevant:0
 |   |   |- Guid:59CE89D047C75FBE41189BA8ABD2CA2A BaseClass: NativeClass:/Script/Engine.StaticMeshActor Name:StaticMeshActor_18 Label:SM_QuarterCylinder SpatiallyLoaded:1 Bounds:IsValid=true, Min=(X=2500.000 Y=2800.000 Z=0.000), Max=(X=2600.000 Y=2900.000 Z=200.000) RuntimeGrid:None EditorOnly:0 RuntimeOnly:0 HLODRelevant:1 FolderPath:Block02 FolderGuid:EBA23F8248252949750E43911A3A1CDD
 |   |   |- Guid:5B97F4A64FB21F77EFC44386BF705B4C BaseClass: NativeClass:/Script/Engine.TextRenderActor Name:TextRenderActor_1 Label:TextRenderActor SpatiallyLoaded:1 Bounds:IsValid=true, Min=(X=-0.100 Y=1100.000 Z=65.013), Max=(X=-0.100 Y=2392.308 Z=215.013) RuntimeGrid:None EditorOnly:0 RuntimeOnly:0 HLODRelevant:0
 |   |   |- Guid:5E4DB4154690C8B4EB14EAA9E92FAAFF BaseClass: NativeClass:/Script/Engine.StaticMeshActor Name:StaticMeshActor_33 Label:SM_QuarterCylinder12 SpatiallyLoaded:1 Bounds:IsValid=true, Min=(X=2000.000 Y=700.000 Z=0.000), Max=(X=2200.000 Y=900.000 Z=100.000) RuntimeGrid:None EditorOnly:0 RuntimeOnly:0 HLODRelevant:1 FolderPath:Cylinder FolderGuid:D075E5BA49330D3EC2503D81A7CF88D1
 |   |   |- Guid:62A073A9445D5A6FFC5B07A84C49D339 BaseClass:/Game/Blueprints/BP_Trap.BP_Trap_C NativeClass:/Script/Engine.Actor Name:BP_Trap_C_UAID_18C04DE5437D95BE01_1674901037 Label:BP_Trap11 SpatiallyLoaded:1 Bounds:IsValid=true, Min=(X=1345.000 Y=1585.000 Z=-15.000), Max=(X=1375.000 Y=1615.000 Z=15.000) RuntimeGrid:None EditorOnly:0 RuntimeOnly:0 HLODRelevant:0
 |   |   |- Guid:6BAF4DDD444C60371492D3919DB42C97 BaseClass: NativeClass:/Script/Engine.WorldDataLayers Name:WorldDataLayers Label:WorldDataLayers SpatiallyLoaded:0 Bounds:IsValid=true, Min=(X=0.000 Y=0.000 Z=0.000), Max=(X=0.000 Y=0.000 Z=0.000) RuntimeGrid:None EditorOnly:0 RuntimeOnly:0 HLODRelevant:0
 |   |   |- Guid:745A095B4BA4E157E4537FA63F5B7B43 BaseClass: NativeClass:/Script/Engine.StaticMeshActor Name:StaticMeshActor_2 Label:SM_ChamferCube SpatiallyLoaded:1 Bounds:IsValid=true, Min=(X=1100.000 Y=2000.000 Z=0.013), Max=(X=1200.000 Y=2100.000 Z=100.013) RuntimeGrid:None EditorOnly:0 RuntimeOnly:0 HLODRelevant:0
 |   |   |- Guid:7587444F4FB13B9B9CD114BBE7885340 BaseClass: NativeClass:/Script/Engine.StaticMeshActor Name:StaticMeshActor_19 Label:SM_QuarterCylinder2 SpatiallyLoaded:1 Bounds:IsValid=true, Min=(X=2500.000 Y=2600.000 Z=0.000), Max=(X=2600.000 Y=2700.000 Z=200.000) RuntimeGrid:None EditorOnly:0 RuntimeOnly:0 HLODRelevant:1 FolderPath:Block02 FolderGuid:EBA23F8248252949750E43911A3A1CDD
 |   |   |- Guid:79C9B0C246824948C2428ABA13657451 BaseClass: NativeClass:/Script/Engine.StaticMeshActor Name:StaticMeshActor_25 Label:SM_QuarterCylinder6 SpatiallyLoaded:1 Bounds:IsValid=true, Min=(X=1200.000 Y=2200.000 Z=0.000), Max=(X=1300.000 Y=2300.000 Z=200.000) RuntimeGrid:None EditorOnly:0 RuntimeOnly:0 HLODRelevant:1 FolderPath:Block01 FolderGuid:7D23E5AE4C2A421F86AF6986D87E6D05
 |   |   |- Guid:79E3998B4B262CD3664CBD9909275A92 BaseClass:/Game/Blueprints/BP_WinBox.BP_WinBox_C NativeClass:/Script/Engine.Actor Name:BP_WinBox_C_UAID_18C04DE5437DD3BA01_1996840712 Label:BP_WinBox SpatiallyLoaded:1 Bounds:IsValid=true, Min=(X=942.000 Y=3440.000 Z=-2.500), Max=(X=1558.000 Y=3600.000 Z=322.500) RuntimeGrid:None EditorOnly:0 RuntimeOnly:0 HLODRelevant:0
 |   |   |- Guid:7C172A0740B33B6D38EEF38A63E0B945 BaseClass: NativeClass:/Script/Engine.StaticMeshActor Name:StaticMeshActor_3 Label:SM_Ramp SpatiallyLoaded:1 Bounds:IsValid=true, Min=(X=1300.000 Y=600.000 Z=0.000), Max=(X=1700.000 Y=800.000 Z=30.000) RuntimeGrid:None EditorOnly:0 RuntimeOnly:0 HLODRelevant:1
 |   |   |- Guid:7CB9972741BFD45F8B2B5392A45CF9EE BaseClass:/Game/Blueprints/BP_Trap.BP_Trap_C NativeClass:/Script/Engine.Actor Name:BP_Trap_C_UAID_18C04DE5437D95BE01_1684283040 Label:BP_Trap14 SpatiallyLoaded:1 Bounds:IsValid=true, Min=(X=1345.000 Y=1495.000 Z=-15.000), Max=(X=1375.000 Y=1525.000 Z=15.000) RuntimeGrid:None EditorOnly:0 RuntimeOnly:0 HLODRelevant:0
 |   |   |- Guid:8887068D4E8340077097429E8B9F0D4A BaseClass:/Game/Blueprints/BP_Trap.BP_Trap_C NativeClass:/Script/Engine.Actor Name:BP_Trap_C_UAID_18C04DE5437D95BE01_1808384052 Label:BP_Trap26 SpatiallyLoaded:1 Bounds:IsValid=true, Min=(X=1285.000 Y=1555.000 Z=-15.000), Max=(X=1315.000 Y=1585.000 Z=15.000) RuntimeGrid:None EditorOnly:0 RuntimeOnly:0 HLODRelevant:0
 |   |   |- Guid:94F6D9A645798F5BAD0B58BEED8F27F5 BaseClass: NativeClass:/Script/Engine.StaticMeshActor Name:StaticMeshActor_32 Label:SM_QuarterCylinder11 SpatiallyLoaded:1 Bounds:IsValid=true, Min=(X=2200.000 Y=700.000 Z=-0.000), Max=(X=2400.000 Y=900.000 Z=100.000) RuntimeGrid:None EditorOnly:0 RuntimeOnly:0 HLODRelevant:1 FolderPath:Cylinder FolderGuid:D075E5BA49330D3EC2503D81A7CF88D1
 |   |   |- Guid:961864A84FF6F65B68F2A3BE5819D538 BaseClass: NativeClass:/Script/Engine.StaticMeshActor Name:StaticMeshActor_8 Label:SM_Cube4 SpatiallyLoaded:1 Bounds:IsValid=true, Min=(X=1200.000 Y=1700.000 Z=0.000), Max=(X=1800.000 Y=2200.000 Z=200.000) RuntimeGrid:None EditorOnly:0 RuntimeOnly:0 HLODRelevant:1 FolderPath:Block01 FolderGuid:7D23E5AE4C2A421F86AF6986D87E6D05
 |   |   |- Guid:973F749E47D2D43B6C5CDA9301B9BA0D BaseClass:/Game/Blueprints/BP_Trap.BP_Trap_C NativeClass:/Script/Engine.Actor Name:BP_Trap_C_UAID_18C04DE5437D95BE01_1629856029 Label:BP_Trap4 SpatiallyLoaded:1 Bounds:IsValid=true, Min=(X=1375.000 Y=1585.000 Z=-15.000), Max=(X=1405.000 Y=1615.000 Z=15.000) RuntimeGrid:None EditorOnly:0 RuntimeOnly:0 HLODRelevant:0
 |   |   |- Guid:9765ECF54858C165188C95B28D88016B BaseClass: NativeClass:/Script/Engine.StaticMeshActor Name:StaticMeshActor_12 Label:SM_Cube8 SpatiallyLoaded:1 Bounds:IsValid=true, Min=(X=1300.000 Y=2600.000 Z=0.000), Max=(X=2500.000 Y=2900.000 Z=200.000) RuntimeGrid:None EditorOnly:0 RuntimeOnly:0 HLODRelevant:1 FolderPath:Block02 FolderGuid:EBA23F8248252949750E43911A3A1CDD
 |   |   |- Guid:9B8DE2414BDA62D3EFBA14B7B2FD12A9 BaseClass:/Game/Blueprints/BP_Enemy.BP_Enemy_C NativeClass:/Script/Engine.Character Name:BP_Enemy_C_UAID_18C04DE5437D7FBA01_1562005929 Label:BP_Enemy SpatiallyLoaded:1 Bounds:IsValid=true, Min=(X=1723.139 Y=4095.414 Z=-2.142), Max=(X=1791.139 Y=4166.997 Z=178.332) RuntimeGrid:None EditorOnly:0 RuntimeOnly:0 HLODRelevant:0
 |   |   |- Guid:9BFF363746062F457E2F92A4631DBA20 BaseClass: NativeClass:/Script/Engine.StaticMeshActor Name:StaticMeshActor_11 Label:SM_ChamferCube3 SpatiallyLoaded:1 Bounds:IsValid=true, Min=(X=481.699 Y=2271.699 Z=0.013), Max=(X=618.301 Y=2408.301 Z=100.013) RuntimeGrid:None EditorOnly:0 RuntimeOnly:0 HLODRelevant:0
 |   |   |- Guid:A56216954B2165CF0F35A886B537D536 BaseClass: NativeClass:/Script/Engine.StaticMeshActor Name:StaticMeshActor_0 Label:SM_Cube5 SpatiallyLoaded:1 Bounds:IsValid=true, Min=(X=-0.000 Y=100.000 Z=0.000), Max=(X=100.000 Y=3400.000 Z=400.000) RuntimeGrid:None EditorOnly:0 RuntimeOnly:0 HLODRelevant:1 FolderPath:Playground FolderGuid:C73F09FC4215536B1DCE2A9E0A830C70
 |   |   |- Guid:A8F6B23D4E449773710917A147B46763 BaseClass:/Game/Blueprints/BP_Trap.BP_Trap_C NativeClass:/Script/Engine.Actor Name:BP_Trap_C_UAID_18C04DE5437D95BE01_1808378045 Label:BP_Trap19 SpatiallyLoaded:1 Bounds:IsValid=true, Min=(X=1315.000 Y=1615.000 Z=-15.000), Max=(X=1345.000 Y=1645.000 Z=15.000) RuntimeGrid:None EditorOnly:0 RuntimeOnly:0 HLODRelevant:0
 |   |   |- Guid:AB74120142217676C6EC818E6B49412B BaseClass: NativeClass:/Script/Engine.StaticMeshActor Name:StaticMeshActor_15 Label:SM_Cube10 SpatiallyLoaded:1 Bounds:IsValid=true, Min=(X=1800.000 Y=2100.000 Z=100.000), Max=(X=2000.000 Y=2200.000 Z=200.000) RuntimeGrid:None EditorOnly:0 RuntimeOnly:0 HLODRelevant:1 FolderPath:Block01 FolderGuid:7D23E5AE4C2A421F86AF6986D87E6D05
 |   |   |- Guid:AF6BFBAF48049FAA5543159948BEB750 BaseClass:/Game/Blueprints/BP_Trap.BP_Trap_C NativeClass:/Script/Engine.Actor Name:BP_Trap_C_UAID_18C04DE5437D95BE01_1679885039 Label:BP_Trap13 SpatiallyLoaded:1 Bounds:IsValid=true, Min=(X=1345.000 Y=1525.000 Z=-15.000), Max=(X=1375.000 Y=1555.000 Z=15.000) RuntimeGrid:None EditorOnly:0 RuntimeOnly:0 HLODRelevant:0
 |   |   |- Guid:B785ED2844B84CFB91E7F39FE661CD99 BaseClass: NativeClass:/Script/Engine.DirectionalLight Name:DirectionalLight_0 Label:DirectionalLight SpatiallyLoaded:0 Bounds:IsValid=true, Min=(X=-1048576.000 Y=-1048576.000 Z=-1048576.000), Max=(X=1048576.000 Y=1048576.000 Z=1048576.000) RuntimeGrid:None EditorOnly:0 RuntimeOnly:0 HLODRelevant:0 FolderPath:Lighting FolderGuid:963EC3EB4002CCE9759E2EBA541A873A
 |   |   |- Guid:B829B8344E5475B83E26AC85A5FBDB87 BaseClass:/Game/Blueprints/BP_Trap.BP_Trap_C NativeClass:/Script/Engine.Actor Name:BP_Trap_C_UAID_18C04DE5437D95BE01_1808375042 Label:BP_Trap16 SpatiallyLoaded:1 Bounds:IsValid=true, Min=(X=1315.000 Y=1525.000 Z=-15.000), Max=(X=1345.000 Y=1555.000 Z=15.000) RuntimeGrid:None EditorOnly:0 RuntimeOnly:0 HLODRelevant:0
 |   |   |- Guid:BC08B79C4EA3C961CFF75EBBE83B367D BaseClass: NativeClass:/Script/Engine.StaticMeshActor Name:StaticMeshActor_5 Label:SM_Cube2 SpatiallyLoaded:1 Bounds:IsValid=true, Min=(X=0.000 Y=0.000 Z=0.000), Max=(X=3000.000 Y=100.000 Z=400.000) RuntimeGrid:None EditorOnly:0 RuntimeOnly:0 HLODRelevant:1 FolderPath:Playground FolderGuid:C73F09FC4215536B1DCE2A9E0A830C70
 |   |   |- Guid:C139068F44E77558E408BA8509BEBE0A BaseClass: NativeClass:/Script/NavigationSystem.RecastNavMesh Name:RecastNavMesh_UAID_18C04DE5437D7FBA01-Default Label:RecastNavMesh-Default SpatiallyLoaded:0 Bounds:IsValid=true, Min=(X=0.000 Y=0.000 Z=0.000), Max=(X=0.000 Y=0.000 Z=0.000) RuntimeGrid:None EditorOnly:0 RuntimeOnly:0 HLODRelevant:0
 |   |   |- Guid:C15C2C8D4EA4ADE0BD1349AFD814988B BaseClass: NativeClass:/Script/Engine.StaticMeshActor Name:StaticMeshActor_14 Label:SM_Ramp3 SpatiallyLoaded:1 Bounds:IsValid=true, Min=(X=1800.000 Y=1700.000 Z=100.000), Max=(X=2000.000 Y=2100.000 Z=200.000) RuntimeGrid:None EditorOnly:0 RuntimeOnly:0 HLODRelevant:1 FolderPath:Block01 FolderGuid:7D23E5AE4C2A421F86AF6986D87E6D05
 |   |   |- Guid:C43901AC4FBCE8652E4CB6B71EB71A6F BaseClass:/Game/Blueprints/BP_Trap.BP_Trap_C NativeClass:/Script/Engine.Actor Name:BP_Trap_C_UAID_18C04DE5437D95BE01_1641114032 Label:BP_Trap7 SpatiallyLoaded:1 Bounds:IsValid=true, Min=(X=1375.000 Y=1675.000 Z=-15.000), Max=(X=1405.000 Y=1705.000 Z=15.000) RuntimeGrid:None EditorOnly:0 RuntimeOnly:0 HLODRelevant:0
 |   |   |- Guid:C4390B6549463CE49EBDCF89FCDA49D3 BaseClass:/Game/Blueprints/BP_Trap.BP_Trap_C NativeClass:/Script/Engine.Actor Name:BP_Trap_C_UAID_18C04DE5437D95BE01_1808380047 Label:BP_Trap21 SpatiallyLoaded:1 Bounds:IsValid=true, Min=(X=1315.000 Y=1675.000 Z=-15.000), Max=(X=1345.000 Y=1705.000 Z=15.000) RuntimeGrid:None EditorOnly:0 RuntimeOnly:0 HLODRelevant:0
 |   |   |- Guid:C5DCC00D40E8F69AB94B6380149A81D8 BaseClass:/Game/Blueprints/BP_Trap.BP_Trap_C NativeClass:/Script/Engine.Actor Name:BP_Trap_C_UAID_18C04DE5437D95BE01_1634213030 Label:BP_Trap5 SpatiallyLoaded:1 Bounds:IsValid=true, Min=(X=1375.000 Y=1615.000 Z=-15.000), Max=(X=1405.000 Y=1645.000 Z=15.000) RuntimeGrid:None EditorOnly:0 RuntimeOnly:0 HLODRelevant:0
 |   |   |- Guid:CAEA7E464B6E1BEB9F62BBB376EF54A9 BaseClass:/Game/Blueprints/BP_Trap.BP_Trap_C NativeClass:/Script/Engine.Actor Name:BP_Trap_C_UAID_18C04DE5437D95BE01_1670744035 Label:BP_Trap9 SpatiallyLoaded:1 Bounds:IsValid=true, Min=(X=1345.000 Y=1645.000 Z=-15.000), Max=(X=1375.000 Y=1675.000 Z=15.000) RuntimeGrid:None EditorOnly:0 RuntimeOnly:0 HLODRelevant:0
 |   |   |- Guid:CCFF262C46EEFFDF319E7F9539CE697E BaseClass: NativeClass:/Script/Engine.SkyAtmosphere Name:SkyAtmosphere_0 Label:SkyAtmosphere SpatiallyLoaded:0 Bounds:IsValid=true, Min=(X=0.000 Y=0.000 Z=1020.000), Max=(X=0.000 Y=0.000 Z=1020.000) RuntimeGrid:None EditorOnly:0 RuntimeOnly:0 HLODRelevant:0 FolderPath:Lighting FolderGuid:963EC3EB4002CCE9759E2EBA541A873A
 |   |   |- Guid:DAC5BCAE41059104D3D28DAFE403579C BaseClass:/Game/Blueprints/BP_Trap.BP_Trap_C NativeClass:/Script/Engine.Actor Name:BP_Trap_C_UAID_18C04DE5437D95BE01_1808381048 Label:BP_Trap22 SpatiallyLoaded:1 Bounds:IsValid=true, Min=(X=1285.000 Y=1675.000 Z=-15.000), Max=(X=1315.000 Y=1705.000 Z=15.000) RuntimeGrid:None EditorOnly:0 RuntimeOnly:0 HLODRelevant:0
 |   |   |- Guid:DBC730174A7F51D9E14433AEF0C30A39 BaseClass: NativeClass:/Script/Engine.StaticMeshActor Name:StaticMeshActor_24 Label:SM_Cube13 SpatiallyLoaded:1 Bounds:IsValid=true, Min=(X=300.000 Y=2700.000 Z=0.000), Max=(X=400.000 Y=2800.000 Z=200.000) RuntimeGrid:None EditorOnly:0 RuntimeOnly:0 HLODRelevant:1 FolderPath:Block03 FolderGuid:7B7009C345D3D6DD94D3429E1D79C034
 |   |   |- Guid:DE3A079B4635A6D8D620CCBC6C0BB1C0 BaseClass: NativeClass:/Script/Engine.StaticMeshActor Name:StaticMeshActor_35 Label:SM_QuarterCylinder14 SpatiallyLoaded:1 Bounds:IsValid=true, Min=(X=2200.000 Y=500.000 Z=0.000), Max=(X=2400.000 Y=700.000 Z=100.000) RuntimeGrid:None EditorOnly:0 RuntimeOnly:0 HLODRelevant:1 FolderPath:Cylinder FolderGuid:D075E5BA49330D3EC2503D81A7CF88D1
 |   |   |- Guid:E14BAFCA4455D18B65E19A809332E30B BaseClass:/Game/Blueprints/BP_Trap.BP_Trap_C NativeClass:/Script/Engine.Actor Name:BP_Trap_C_UAID_18C04DE5437D95BE01_1672980036 Label:BP_Trap10 SpatiallyLoaded:1 Bounds:IsValid=true, Min=(X=1345.000 Y=1615.000 Z=-15.000), Max=(X=1375.000 Y=1645.000 Z=15.000) RuntimeGrid:None EditorOnly:0 RuntimeOnly:0 HLODRelevant:0
 |   |   |- Guid:E2ED70E443C78367613519977B8CB52E BaseClass:/Game/Blueprints/BP_Trap.BP_Trap_C NativeClass:/Script/Engine.Actor Name:BP_Trap_C_UAID_18C04DE5437D95BE01_1808379046 Label:BP_Trap20 SpatiallyLoaded:1 Bounds:IsValid=true, Min=(X=1315.000 Y=1645.000 Z=-15.000), Max=(X=1345.000 Y=1675.000 Z=15.000) RuntimeGrid:None EditorOnly:0 RuntimeOnly:0 HLODRelevant:0
 |   |   |- Guid:E73E39994140315EB81324BF0A5D6400 BaseClass: NativeClass:/Script/Engine.StaticMeshActor Name:StaticMeshActor_10 Label:SM_ChamferCube2 SpatiallyLoaded:1 Bounds:IsValid=true, Min=(X=992.077 Y=2692.077 Z=0.013), Max=(X=1107.923 Y=2807.923 Z=100.013) RuntimeGrid:None EditorOnly:0 RuntimeOnly:0 HLODRelevant:0
 |   |   |- Guid:E864EE5542C27D6674BEBB9312F02BB4 BaseClass: NativeClass:/Script/Engine.StaticMeshActor Name:StaticMeshActor_23 Label:SM_QuarterCylinder5 SpatiallyLoaded:1 Bounds:IsValid=true, Min=(X=300.000 Y=2800.000 Z=0.000), Max=(X=400.000 Y=2900.000 Z=200.000) RuntimeGrid:None EditorOnly:0 RuntimeOnly:0 HLODRelevant:1 FolderPath:Block03 FolderGuid:7B7009C345D3D6DD94D3429E1D79C034
 |   |   |- Guid:EC4C9772426AD871541675A5EBE73BAB BaseClass: NativeClass:/Script/NavigationSystem.NavMeshBoundsVolume Name:NavMeshBoundsVolume_UAID_18C04DE5437D7FBA01_1605048930 Label:NavMeshBoundsVolume SpatiallyLoaded:0 Bounds:IsValid=true, Min=(X=-785.000 Y=-3780.000 Z=-175.000), Max=(X=4365.000 Y=11720.000 Z=475.000) RuntimeGrid:None EditorOnly:0 RuntimeOnly:0 HLODRelevant:0
 |   |   |- Guid:EC4E0C944CE6AC6E784BC6BB2916EA13 BaseClass: NativeClass:/Script/Engine.StaticMeshActor Name:StaticMeshActor_UAID_A4AE111137DC5EFB00_1110535423 Label:SM_SkySphere SpatiallyLoaded:0 Bounds:IsValid=true, Min=(X=-1638400.000 Y=-1638400.000 Z=-1638400.000), Max=(X=1638400.000 Y=1638400.000 Z=1638400.000) RuntimeGrid:None EditorOnly:0 RuntimeOnly:0 HLODRelevant:1 FolderPath:Lighting FolderGuid:963EC3EB4002CCE9759E2EBA541A873A
 |   |   |- Guid:EDAA34A64E50B17535C2EB826C12557D BaseClass: NativeClass:/Script/Engine.StaticMeshActor Name:StaticMeshActor_9 Label:SM_Ramp2 SpatiallyLoaded:1 Bounds:IsValid=true, Min=(X=1400.000 Y=1500.000 Z=0.000), Max=(X=1800.000 Y=1700.000 Z=100.000) RuntimeGrid:None EditorOnly:0 RuntimeOnly:0 HLODRelevant:1 FolderPath:Block01 FolderGuid:7D23E5AE4C2A421F86AF6986D87E6D05
 |   |   |- Guid:F1924B8D48954B30891B2DB6A694F9CC BaseClass: NativeClass:/Script/Engine.StaticMeshActor Name:StaticMeshActor_1 Label:SM_Cube SpatiallyLoaded:1 Bounds:IsValid=true, Min=(X=0.000 Y=0.000 Z=-50.000), Max=(X=3000.000 Y=8875.000 Z=0.000) RuntimeGrid:None EditorOnly:0 RuntimeOnly:0 HLODRelevant:1 FolderPath:Playground FolderGuid:C73F09FC4215536B1DCE2A9E0A830C70
 |   |   |- Guid:F2B5ABBE405452B8D47872B555736AAA BaseClass:/Game/Blueprints/BP_Trap.BP_Trap_C NativeClass:/Script/Engine.Actor Name:BP_Trap_C_UAID_18C04DE5437D95BE01_1808382050 Label:BP_Trap24 SpatiallyLoaded:1 Bounds:IsValid=true, Min=(X=1285.000 Y=1615.000 Z=-15.000), Max=(X=1315.000 Y=1645.000 Z=15.000) RuntimeGrid:None EditorOnly:0 RuntimeOnly:0 HLODRelevant:0
 |   |   |- Guid:F4AAA1CA4D204EB96E54F5BD1EB46A62 BaseClass: NativeClass:/Script/Engine.StaticMeshActor Name:StaticMeshActor_7 Label:SM_Cube7 SpatiallyLoaded:1 Bounds:IsValid=true, Min=(X=1300.000 Y=2200.000 Z=0.000), Max=(X=1500.000 Y=2300.000 Z=200.000) RuntimeGrid:None EditorOnly:0 RuntimeOnly:0 HLODRelevant:1 FolderPath:Block01 FolderGuid:7D23E5AE4C2A421F86AF6986D87E6D05
 |   |   |- Guid:F5E3FEB3450C49844FD93DA8E083C8AD BaseClass: NativeClass:/Script/Engine.PostProcessVolume Name:PostProcessVolume_0 Label:PostProcessVolume SpatiallyLoaded:0 Bounds:IsValid=true, Min=(X=0.000 Y=0.000 Z=400.000), Max=(X=200.000 Y=200.000 Z=600.000) RuntimeGrid:None EditorOnly:0 RuntimeOnly:0 HLODRelevant:0 FolderPath:Lighting FolderGuid:963EC3EB4002CCE9759E2EBA541A873A
 |   |   |- Guid:F703AD214DE20FBE9DA411817BF79E0A BaseClass: NativeClass:/Script/Engine.StaticMeshActor Name:StaticMeshActor_21 Label:SM_QuarterCylinder3 SpatiallyLoaded:1 Bounds:IsValid=true, Min=(X=1500.000 Y=2200.000 Z=0.000), Max=(X=1600.000 Y=2300.000 Z=200.000) RuntimeGrid:None EditorOnly:0 RuntimeOnly:0 HLODRelevant:1 FolderPath:Block01 FolderGuid:7D23E5AE4C2A421F86AF6986D87E6D05
 |   |   |- Guid:FCE21DA8403081F53DE2F9838E657EDE BaseClass:/Game/Blueprints/BP_Trap.BP_Trap_C NativeClass:/Script/Engine.Actor Name:BP_Trap_C_UAID_18C04DE5437D95BE01_1604960028 Label:BP_Trap3 SpatiallyLoaded:1 Bounds:IsValid=true, Min=(X=1375.000 Y=1555.000 Z=-15.000), Max=(X=1405.000 Y=1585.000 Z=15.000) RuntimeGrid:None EditorOnly:0 RuntimeOnly:0 HLODRelevant:0
 |   |- [+] Clusters:
 |   |   |- [+] [  0]
 |   |   |   |- Guid:6BAF4DDD444C60371492D3919DB42C97 BaseClass: NativeClass:/Script/Engine.WorldDataLayers Name:WorldDataLayers Label:WorldDataLayers SpatiallyLoaded:0 Bounds:IsValid=true, Min=(X=0.000 Y=0.000 Z=0.000), Max=(X=0.000 Y=0.000 Z=0.000) RuntimeGrid:None EditorOnly:0 RuntimeOnly:0 HLODRelevant:0
 |   |   |- [+] [  1]
 |   |   |   |- Guid:59CE89D047C75FBE41189BA8ABD2CA2A BaseClass: NativeClass:/Script/Engine.StaticMeshActor Name:StaticMeshActor_18 Label:SM_QuarterCylinder SpatiallyLoaded:1 Bounds:IsValid=true, Min=(X=2500.000 Y=2800.000 Z=0.000), Max=(X=2600.000 Y=2900.000 Z=200.000) RuntimeGrid:None EditorOnly:0 RuntimeOnly:0 HLODRelevant:1 FolderPath:Block02 FolderGuid:EBA23F8248252949750E43911A3A1CDD
 |   |   |- [+] [  2]
 |   |   |   |- Guid:F5E3FEB3450C49844FD93DA8E083C8AD BaseClass: NativeClass:/Script/Engine.PostProcessVolume Name:PostProcessVolume_0 Label:PostProcessVolume SpatiallyLoaded:0 Bounds:IsValid=true, Min=(X=0.000 Y=0.000 Z=400.000), Max=(X=200.000 Y=200.000 Z=600.000) RuntimeGrid:None EditorOnly:0 RuntimeOnly:0 HLODRelevant:0 FolderPath:Lighting FolderGuid:963EC3EB4002CCE9759E2EBA541A873A
 |   |   |- [+] [  3]
 |   |   |   |- Guid:E73E39994140315EB81324BF0A5D6400 BaseClass: NativeClass:/Script/Engine.StaticMeshActor Name:StaticMeshActor_10 Label:SM_ChamferCube2 SpatiallyLoaded:1 Bounds:IsValid=true, Min=(X=992.077 Y=2692.077 Z=0.013), Max=(X=1107.923 Y=2807.923 Z=100.013) RuntimeGrid:None EditorOnly:0 RuntimeOnly:0 HLODRelevant:0
 |   |   |- [+] [  4]
 |   |   |   |- Guid:C139068F44E77558E408BA8509BEBE0A BaseClass: NativeClass:/Script/NavigationSystem.RecastNavMesh Name:RecastNavMesh_UAID_18C04DE5437D7FBA01-Default Label:RecastNavMesh-Default SpatiallyLoaded:0 Bounds:IsValid=true, Min=(X=0.000 Y=0.000 Z=0.000), Max=(X=0.000 Y=0.000 Z=0.000) RuntimeGrid:None EditorOnly:0 RuntimeOnly:0 HLODRelevant:0
 |   |   |- [+] [  5]
 |   |   |   |- Guid:5B97F4A64FB21F77EFC44386BF705B4C BaseClass: NativeClass:/Script/Engine.TextRenderActor Name:TextRenderActor_1 Label:TextRenderActor SpatiallyLoaded:1 Bounds:IsValid=true, Min=(X=-0.100 Y=1100.000 Z=65.013), Max=(X=-0.100 Y=2392.308 Z=215.013) RuntimeGrid:None EditorOnly:0 RuntimeOnly:0 HLODRelevant:0
 |   |   |- [+] [  6]
 |   |   |   |- Guid:EC4C9772426AD871541675A5EBE73BAB BaseClass: NativeClass:/Script/NavigationSystem.NavMeshBoundsVolume Name:NavMeshBoundsVolume_UAID_18C04DE5437D7FBA01_1605048930 Label:NavMeshBoundsVolume SpatiallyLoaded:0 Bounds:IsValid=true, Min=(X=-785.000 Y=-3780.000 Z=-175.000), Max=(X=4365.000 Y=11720.000 Z=475.000) RuntimeGrid:None EditorOnly:0 RuntimeOnly:0 HLODRelevant:0
 |   |   |- [+] [  7]
 |   |   |   |- Guid:4D3BE93F4146AAAC8BBE79999D96D57F BaseClass: NativeClass:/Script/Engine.VolumetricCloud Name:VolumetricCloud_0 Label:VolumetricCloud SpatiallyLoaded:0 Bounds:IsValid=true, Min=(X=0.000 Y=0.000 Z=820.000), Max=(X=0.000 Y=0.000 Z=820.000) RuntimeGrid:None EditorOnly:0 RuntimeOnly:0 HLODRelevant:0 FolderPath:Lighting FolderGuid:963EC3EB4002CCE9759E2EBA541A873A
 |   |   |- [+] [  8]
 |   |   |   |- Guid:DBC730174A7F51D9E14433AEF0C30A39 BaseClass: NativeClass:/Script/Engine.StaticMeshActor Name:StaticMeshActor_24 Label:SM_Cube13 SpatiallyLoaded:1 Bounds:IsValid=true, Min=(X=300.000 Y=2700.000 Z=0.000), Max=(X=400.000 Y=2800.000 Z=200.000) RuntimeGrid:None EditorOnly:0 RuntimeOnly:0 HLODRelevant:1 FolderPath:Block03 FolderGuid:7B7009C345D3D6DD94D3429E1D79C034
 |   |   |- [+] [  9]
 |   |   |   |- Guid:1A789DC8415097E9856E5DB60740F01D BaseClass: NativeClass:/Script/Engine.StaticMeshActor Name:StaticMeshActor_34 Label:SM_QuarterCylinder13 SpatiallyLoaded:1 Bounds:IsValid=true, Min=(X=2000.000 Y=500.000 Z=0.000), Max=(X=2200.000 Y=700.000 Z=100.000) RuntimeGrid:None EditorOnly:0 RuntimeOnly:0 HLODRelevant:1 FolderPath:Cylinder FolderGuid:D075E5BA49330D3EC2503D81A7CF88D1
 |   |   |- [+] [ 10]
 |   |   |   |- Guid:AB74120142217676C6EC818E6B49412B BaseClass: NativeClass:/Script/Engine.StaticMeshActor Name:StaticMeshActor_15 Label:SM_Cube10 SpatiallyLoaded:1 Bounds:IsValid=true, Min=(X=1800.000 Y=2100.000 Z=100.000), Max=(X=2000.000 Y=2200.000 Z=200.000) RuntimeGrid:None EditorOnly:0 RuntimeOnly:0 HLODRelevant:1 FolderPath:Block01 FolderGuid:7D23E5AE4C2A421F86AF6986D87E6D05
 |   |   |- [+] [ 11]
 |   |   |   |- Guid:CCFF262C46EEFFDF319E7F9539CE697E BaseClass: NativeClass:/Script/Engine.SkyAtmosphere Name:SkyAtmosphere_0 Label:SkyAtmosphere SpatiallyLoaded:0 Bounds:IsValid=true, Min=(X=0.000 Y=0.000 Z=1020.000), Max=(X=0.000 Y=0.000 Z=1020.000) RuntimeGrid:None EditorOnly:0 RuntimeOnly:0 HLODRelevant:0 FolderPath:Lighting FolderGuid:963EC3EB4002CCE9759E2EBA541A873A
 |   |   |- [+] [ 12]
 |   |   |   |- Guid:EC4E0C944CE6AC6E784BC6BB2916EA13 BaseClass: NativeClass:/Script/Engine.StaticMeshActor Name:StaticMeshActor_UAID_A4AE111137DC5EFB00_1110535423 Label:SM_SkySphere SpatiallyLoaded:0 Bounds:IsValid=true, Min=(X=-1638400.000 Y=-1638400.000 Z=-1638400.000), Max=(X=1638400.000 Y=1638400.000 Z=1638400.000) RuntimeGrid:None EditorOnly:0 RuntimeOnly:0 HLODRelevant:1 FolderPath:Lighting FolderGuid:963EC3EB4002CCE9759E2EBA541A873A
 |   |   |- [+] [ 13]
 |   |   |   |- Guid:C15C2C8D4EA4ADE0BD1349AFD814988B BaseClass: NativeClass:/Script/Engine.StaticMeshActor Name:StaticMeshActor_14 Label:SM_Ramp3 SpatiallyLoaded:1 Bounds:IsValid=true, Min=(X=1800.000 Y=1700.000 Z=100.000), Max=(X=2000.000 Y=2100.000 Z=200.000) RuntimeGrid:None EditorOnly:0 RuntimeOnly:0 HLODRelevant:1 FolderPath:Block01 FolderGuid:7D23E5AE4C2A421F86AF6986D87E6D05
 |   |   |- [+] [ 14]
 |   |   |   |- Guid:9BFF363746062F457E2F92A4631DBA20 BaseClass: NativeClass:/Script/Engine.StaticMeshActor Name:StaticMeshActor_11 Label:SM_ChamferCube3 SpatiallyLoaded:1 Bounds:IsValid=true, Min=(X=481.699 Y=2271.699 Z=0.013), Max=(X=618.301 Y=2408.301 Z=100.013) RuntimeGrid:None EditorOnly:0 RuntimeOnly:0 HLODRelevant:0
 |   |   |- [+] [ 15]
 |   |   |   |- Guid:43815E84492231AFC407F59E3C28176B BaseClass: NativeClass:/Script/Engine.StaticMeshActor Name:StaticMeshActor_4 Label:SM_Cube6 SpatiallyLoaded:1 Bounds:IsValid=true, Min=(X=2900.000 Y=100.000 Z=0.000), Max=(X=3000.000 Y=3400.000 Z=400.000) RuntimeGrid:None EditorOnly:0 RuntimeOnly:0 HLODRelevant:1 FolderPath:Playground FolderGuid:C73F09FC4215536B1DCE2A9E0A830C70
 |   |   |- [+] [ 16]
 |   |   |   |- Guid:7587444F4FB13B9B9CD114BBE7885340 BaseClass: NativeClass:/Script/Engine.StaticMeshActor Name:StaticMeshActor_19 Label:SM_QuarterCylinder2 SpatiallyLoaded:1 Bounds:IsValid=true, Min=(X=2500.000 Y=2600.000 Z=0.000), Max=(X=2600.000 Y=2700.000 Z=200.000) RuntimeGrid:None EditorOnly:0 RuntimeOnly:0 HLODRelevant:1 FolderPath:Block02 FolderGuid:EBA23F8248252949750E43911A3A1CDD
 |   |   |- [+] [ 17]
 |   |   |   |- Guid:B785ED2844B84CFB91E7F39FE661CD99 BaseClass: NativeClass:/Script/Engine.DirectionalLight Name:DirectionalLight_0 Label:DirectionalLight SpatiallyLoaded:0 Bounds:IsValid=true, Min=(X=-1048576.000 Y=-1048576.000 Z=-1048576.000), Max=(X=1048576.000 Y=1048576.000 Z=1048576.000) RuntimeGrid:None EditorOnly:0 RuntimeOnly:0 HLODRelevant:0 FolderPath:Lighting FolderGuid:963EC3EB4002CCE9759E2EBA541A873A
 |   |   |- [+] [ 18]
 |   |   |   |- Guid:1B9598344A1F20E1A5125DA8A7E9FC0F BaseClass: NativeClass:/Script/Engine.StaticMeshActor Name:StaticMeshActor_22 Label:SM_QuarterCylinder4 SpatiallyLoaded:1 Bounds:IsValid=true, Min=(X=300.000 Y=2600.000 Z=0.000), Max=(X=400.000 Y=2700.000 Z=200.000) RuntimeGrid:None EditorOnly:0 RuntimeOnly:0 HLODRelevant:1 FolderPath:Block03 FolderGuid:7B7009C345D3D6DD94D3429E1D79C034
 |   |   |- [+] [ 19]
 |   |   |   |- Guid:5E4DB4154690C8B4EB14EAA9E92FAAFF BaseClass: NativeClass:/Script/Engine.StaticMeshActor Name:StaticMeshActor_33 Label:SM_QuarterCylinder12 SpatiallyLoaded:1 Bounds:IsValid=true, Min=(X=2000.000 Y=700.000 Z=0.000), Max=(X=2200.000 Y=900.000 Z=100.000) RuntimeGrid:None EditorOnly:0 RuntimeOnly:0 HLODRelevant:1 FolderPath:Cylinder FolderGuid:D075E5BA49330D3EC2503D81A7CF88D1
 |   |   |- [+] [ 20]
 |   |   |   |- Guid:7C172A0740B33B6D38EEF38A63E0B945 BaseClass: NativeClass:/Script/Engine.StaticMeshActor Name:StaticMeshActor_3 Label:SM_Ramp SpatiallyLoaded:1 Bounds:IsValid=true, Min=(X=1300.000 Y=600.000 Z=0.000), Max=(X=1700.000 Y=800.000 Z=30.000) RuntimeGrid:None EditorOnly:0 RuntimeOnly:0 HLODRelevant:1
 |   |   |- [+] [ 21]
 |   |   |   |- Guid:316CF2A6494ACA4C0E4180A87D36AB8F BaseClass: NativeClass:/Script/Engine.ExponentialHeightFog Name:ExponentialHeightFog_0 Label:ExponentialHeightFog SpatiallyLoaded:0 Bounds:IsValid=true, Min=(X=-5600.000 Y=-50.000 Z=-6850.000), Max=(X=-5600.000 Y=-50.000 Z=-6850.000) RuntimeGrid:None EditorOnly:0 RuntimeOnly:0 HLODRelevant:0 FolderPath:Lighting FolderGuid:963EC3EB4002CCE9759E2EBA541A873A
 |   |   |- [+] [ 22]
 |   |   |   |- Guid:DE3A079B4635A6D8D620CCBC6C0BB1C0 BaseClass: NativeClass:/Script/Engine.StaticMeshActor Name:StaticMeshActor_35 Label:SM_QuarterCylinder14 SpatiallyLoaded:1 Bounds:IsValid=true, Min=(X=2200.000 Y=500.000 Z=0.000), Max=(X=2400.000 Y=700.000 Z=100.000) RuntimeGrid:None EditorOnly:0 RuntimeOnly:0 HLODRelevant:1 FolderPath:Cylinder FolderGuid:D075E5BA49330D3EC2503D81A7CF88D1
 |   |   |- [+] [ 23]
 |   |   |   |- Guid:79C9B0C246824948C2428ABA13657451 BaseClass: NativeClass:/Script/Engine.StaticMeshActor Name:StaticMeshActor_25 Label:SM_QuarterCylinder6 SpatiallyLoaded:1 Bounds:IsValid=true, Min=(X=1200.000 Y=2200.000 Z=0.000), Max=(X=1300.000 Y=2300.000 Z=200.000) RuntimeGrid:None EditorOnly:0 RuntimeOnly:0 HLODRelevant:1 FolderPath:Block01 FolderGuid:7D23E5AE4C2A421F86AF6986D87E6D05
 |   |   |- [+] [ 24]
 |   |   |   |- Guid:F1924B8D48954B30891B2DB6A694F9CC BaseClass: NativeClass:/Script/Engine.StaticMeshActor Name:StaticMeshActor_1 Label:SM_Cube SpatiallyLoaded:1 Bounds:IsValid=true, Min=(X=0.000 Y=0.000 Z=-50.000), Max=(X=3000.000 Y=8875.000 Z=0.000) RuntimeGrid:None EditorOnly:0 RuntimeOnly:0 HLODRelevant:1 FolderPath:Playground FolderGuid:C73F09FC4215536B1DCE2A9E0A830C70
 |   |   |- [+] [ 25]
 |   |   |   |- Guid:9B8DE2414BDA62D3EFBA14B7B2FD12A9 BaseClass:/Game/Blueprints/BP_Enemy.BP_Enemy_C NativeClass:/Script/Engine.Character Name:BP_Enemy_C_UAID_18C04DE5437D7FBA01_1562005929 Label:BP_Enemy SpatiallyLoaded:1 Bounds:IsValid=true, Min=(X=1723.139 Y=4095.414 Z=-2.142), Max=(X=1791.139 Y=4166.997 Z=178.332) RuntimeGrid:None EditorOnly:0 RuntimeOnly:0 HLODRelevant:0
 |   |   |- [+] [ 26]
 |   |   |   |- Guid:EDAA34A64E50B17535C2EB826C12557D BaseClass: NativeClass:/Script/Engine.StaticMeshActor Name:StaticMeshActor_9 Label:SM_Ramp2 SpatiallyLoaded:1 Bounds:IsValid=true, Min=(X=1400.000 Y=1500.000 Z=0.000), Max=(X=1800.000 Y=1700.000 Z=100.000) RuntimeGrid:None EditorOnly:0 RuntimeOnly:0 HLODRelevant:1 FolderPath:Block01 FolderGuid:7D23E5AE4C2A421F86AF6986D87E6D05
 |   |   |- [+] [ 27]
 |   |   |   |- Guid:2FB58999456391D349DC0F86DAC136ED BaseClass: NativeClass:/Script/Engine.SkyLight Name:SkyLight_1 Label:SkyLight SpatiallyLoaded:0 Bounds:IsValid=true, Min=(X=0.000 Y=0.000 Z=690.000), Max=(X=0.000 Y=0.000 Z=690.000) RuntimeGrid:None EditorOnly:0 RuntimeOnly:0 HLODRelevant:0 FolderPath:Lighting FolderGuid:963EC3EB4002CCE9759E2EBA541A873A
 |   |   |- [+] [ 28]
 |   |   |   |- Guid:9765ECF54858C165188C95B28D88016B BaseClass: NativeClass:/Script/Engine.StaticMeshActor Name:StaticMeshActor_12 Label:SM_Cube8 SpatiallyLoaded:1 Bounds:IsValid=true, Min=(X=1300.000 Y=2600.000 Z=0.000), Max=(X=2500.000 Y=2900.000 Z=200.000) RuntimeGrid:None EditorOnly:0 RuntimeOnly:0 HLODRelevant:1 FolderPath:Block02 FolderGuid:EBA23F8248252949750E43911A3A1CDD
 |   |   |- [+] [ 29]
 |   |   |   |- Guid:961864A84FF6F65B68F2A3BE5819D538 BaseClass: NativeClass:/Script/Engine.StaticMeshActor Name:StaticMeshActor_8 Label:SM_Cube4 SpatiallyLoaded:1 Bounds:IsValid=true, Min=(X=1200.000 Y=1700.000 Z=0.000), Max=(X=1800.000 Y=2200.000 Z=200.000) RuntimeGrid:None EditorOnly:0 RuntimeOnly:0 HLODRelevant:1 FolderPath:Block01 FolderGuid:7D23E5AE4C2A421F86AF6986D87E6D05
 |   |   |- [+] [ 30]
 |   |   |   |- Guid:E864EE5542C27D6674BEBB9312F02BB4 BaseClass: NativeClass:/Script/Engine.StaticMeshActor Name:StaticMeshActor_23 Label:SM_QuarterCylinder5 SpatiallyLoaded:1 Bounds:IsValid=true, Min=(X=300.000 Y=2800.000 Z=0.000), Max=(X=400.000 Y=2900.000 Z=200.000) RuntimeGrid:None EditorOnly:0 RuntimeOnly:0 HLODRelevant:1 FolderPath:Block03 FolderGuid:7B7009C345D3D6DD94D3429E1D79C034
 |   |   |- [+] [ 31]
 |   |   |   |- Guid:A56216954B2165CF0F35A886B537D536 BaseClass: NativeClass:/Script/Engine.StaticMeshActor Name:StaticMeshActor_0 Label:SM_Cube5 SpatiallyLoaded:1 Bounds:IsValid=true, Min=(X=-0.000 Y=100.000 Z=0.000), Max=(X=100.000 Y=3400.000 Z=400.000) RuntimeGrid:None EditorOnly:0 RuntimeOnly:0 HLODRelevant:1 FolderPath:Playground FolderGuid:C73F09FC4215536B1DCE2A9E0A830C70
 |   |   |- [+] [ 32]
 |   |   |   |- Guid:08F9DC56444CFFF3F13B379E81EF05BC BaseClass: NativeClass:/Script/Engine.StaticMeshActor Name:StaticMeshActor_16 Label:SM_Cube11 SpatiallyLoaded:1 Bounds:IsValid=true, Min=(X=400.000 Y=2600.000 Z=0.000), Max=(X=700.000 Y=2900.000 Z=200.000) RuntimeGrid:None EditorOnly:0 RuntimeOnly:0 HLODRelevant:1 FolderPath:Block03 FolderGuid:7B7009C345D3D6DD94D3429E1D79C034
 |   |   |- [+] [ 33]
 |   |   |   |- Guid:94F6D9A645798F5BAD0B58BEED8F27F5 BaseClass: NativeClass:/Script/Engine.StaticMeshActor Name:StaticMeshActor_32 Label:SM_QuarterCylinder11 SpatiallyLoaded:1 Bounds:IsValid=true, Min=(X=2200.000 Y=700.000 Z=-0.000), Max=(X=2400.000 Y=900.000 Z=100.000) RuntimeGrid:None EditorOnly:0 RuntimeOnly:0 HLODRelevant:1 FolderPath:Cylinder FolderGuid:D075E5BA49330D3EC2503D81A7CF88D1
 |   |   |- [+] [ 34]
 |   |   |   |- Guid:0A733B864C327F0B589EC8BBDD0265BC BaseClass: NativeClass:/Script/Engine.StaticMeshActor Name:StaticMeshActor_13 Label:SM_Cube9 SpatiallyLoaded:1 Bounds:IsValid=true, Min=(X=1800.000 Y=1500.000 Z=0.000), Max=(X=2000.000 Y=2200.000 Z=100.000) RuntimeGrid:None EditorOnly:0 RuntimeOnly:0 HLODRelevant:1 FolderPath:Block01 FolderGuid:7D23E5AE4C2A421F86AF6986D87E6D05
 |   |   |- [+] [ 35]
 |   |   |   |- Guid:F703AD214DE20FBE9DA411817BF79E0A BaseClass: NativeClass:/Script/Engine.StaticMeshActor Name:StaticMeshActor_21 Label:SM_QuarterCylinder3 SpatiallyLoaded:1 Bounds:IsValid=true, Min=(X=1500.000 Y=2200.000 Z=0.000), Max=(X=1600.000 Y=2300.000 Z=200.000) RuntimeGrid:None EditorOnly:0 RuntimeOnly:0 HLODRelevant:1 FolderPath:Block01 FolderGuid:7D23E5AE4C2A421F86AF6986D87E6D05
 |   |   |- [+] [ 36]
 |   |   |   |- Guid:BC08B79C4EA3C961CFF75EBBE83B367D BaseClass: NativeClass:/Script/Engine.StaticMeshActor Name:StaticMeshActor_5 Label:SM_Cube2 SpatiallyLoaded:1 Bounds:IsValid=true, Min=(X=0.000 Y=0.000 Z=0.000), Max=(X=3000.000 Y=100.000 Z=400.000) RuntimeGrid:None EditorOnly:0 RuntimeOnly:0 HLODRelevant:1 FolderPath:Playground FolderGuid:C73F09FC4215536B1DCE2A9E0A830C70
 |   |   |- [+] [ 37]
 |   |   |   |- Guid:79E3998B4B262CD3664CBD9909275A92 BaseClass:/Game/Blueprints/BP_WinBox.BP_WinBox_C NativeClass:/Script/Engine.Actor Name:BP_WinBox_C_UAID_18C04DE5437DD3BA01_1996840712 Label:BP_WinBox SpatiallyLoaded:1 Bounds:IsValid=true, Min=(X=942.000 Y=3440.000 Z=-2.500), Max=(X=1558.000 Y=3600.000 Z=322.500) RuntimeGrid:None EditorOnly:0 RuntimeOnly:0 HLODRelevant:0
 |   |   |- [+] [ 38]
 |   |   |   |- Guid:26B8C3BE41021A3F42B61FA534F9181E BaseClass: NativeClass:/Script/Engine.StaticMeshActor Name:StaticMeshActor_20 Label:SM_Cube12 SpatiallyLoaded:1 Bounds:IsValid=true, Min=(X=2500.000 Y=2700.000 Z=0.000), Max=(X=2600.000 Y=2800.000 Z=200.000) RuntimeGrid:None EditorOnly:0 RuntimeOnly:0 HLODRelevant:1 FolderPath:Block02 FolderGuid:EBA23F8248252949750E43911A3A1CDD
 |   |   |- [+] [ 39]
 |   |   |   |- Guid:F4AAA1CA4D204EB96E54F5BD1EB46A62 BaseClass: NativeClass:/Script/Engine.StaticMeshActor Name:StaticMeshActor_7 Label:SM_Cube7 SpatiallyLoaded:1 Bounds:IsValid=true, Min=(X=1300.000 Y=2200.000 Z=0.000), Max=(X=1500.000 Y=2300.000 Z=200.000) RuntimeGrid:None EditorOnly:0 RuntimeOnly:0 HLODRelevant:1 FolderPath:Block01 FolderGuid:7D23E5AE4C2A421F86AF6986D87E6D05
 |   |   |- [+] [ 40]
 |   |   |   |- Guid:3A00AA1C422CE54C0BDB60BAF471BFBB BaseClass: NativeClass:/Script/Engine.PlayerStart Name:PlayerStart_0 Label:PlayerStart SpatiallyLoaded:0 Bounds:IsValid=true, Min=(X=860.000 Y=1070.000 Z=0.013), Max=(X=940.000 Y=1150.000 Z=184.013) RuntimeGrid:None EditorOnly:0 RuntimeOnly:0 HLODRelevant:0
 |   |   |- [+] [ 41]
 |   |   |   |- Guid:745A095B4BA4E157E4537FA63F5B7B43 BaseClass: NativeClass:/Script/Engine.StaticMeshActor Name:StaticMeshActor_2 Label:SM_ChamferCube SpatiallyLoaded:1 Bounds:IsValid=true, Min=(X=1100.000 Y=2000.000 Z=0.013), Max=(X=1200.000 Y=2100.000 Z=100.013) RuntimeGrid:None EditorOnly:0 RuntimeOnly:0 HLODRelevant:0
 |   |   |- [+] [ 42]
 |   |   |   |- Guid:E14BAFCA4455D18B65E19A809332E30B BaseClass:/Game/Blueprints/BP_Trap.BP_Trap_C NativeClass:/Script/Engine.Actor Name:BP_Trap_C_UAID_18C04DE5437D95BE01_1672980036 Label:BP_Trap10 SpatiallyLoaded:1 Bounds:IsValid=true, Min=(X=1345.000 Y=1615.000 Z=-15.000), Max=(X=1375.000 Y=1645.000 Z=15.000) RuntimeGrid:None EditorOnly:0 RuntimeOnly:0 HLODRelevant:0
 |   |   |- [+] [ 43]
 |   |   |   |- Guid:4DCE921043153C1E389453A669D972A5 BaseClass:/Game/Blueprints/BP_Trap.BP_Trap_C NativeClass:/Script/Engine.Actor Name:BP_Trap_C_UAID_18C04DE5437D95BE01_1587101023 Label:BP_Trap SpatiallyLoaded:1 Bounds:IsValid=true, Min=(X=1375.000 Y=1495.000 Z=-15.000), Max=(X=1405.000 Y=1525.000 Z=15.000) RuntimeGrid:None EditorOnly:0 RuntimeOnly:0 HLODRelevant:0
 |   |   |- [+] [ 44]
 |   |   |   |- Guid:62A073A9445D5A6FFC5B07A84C49D339 BaseClass:/Game/Blueprints/BP_Trap.BP_Trap_C NativeClass:/Script/Engine.Actor Name:BP_Trap_C_UAID_18C04DE5437D95BE01_1674901037 Label:BP_Trap11 SpatiallyLoaded:1 Bounds:IsValid=true, Min=(X=1345.000 Y=1585.000 Z=-15.000), Max=(X=1375.000 Y=1615.000 Z=15.000) RuntimeGrid:None EditorOnly:0 RuntimeOnly:0 HLODRelevant:0
 |   |   |- [+] [ 45]
 |   |   |   |- Guid:2A62A1144BCAD3BA0AE67A90DF0F4FF5 BaseClass:/Game/Blueprints/BP_Trap.BP_Trap_C NativeClass:/Script/Engine.Actor Name:BP_Trap_C_UAID_18C04DE5437D95BE01_1677995038 Label:BP_Trap12 SpatiallyLoaded:1 Bounds:IsValid=true, Min=(X=1345.000 Y=1555.000 Z=-15.000), Max=(X=1375.000 Y=1585.000 Z=15.000) RuntimeGrid:None EditorOnly:0 RuntimeOnly:0 HLODRelevant:0
 |   |   |- [+] [ 46]
 |   |   |   |- Guid:AF6BFBAF48049FAA5543159948BEB750 BaseClass:/Game/Blueprints/BP_Trap.BP_Trap_C NativeClass:/Script/Engine.Actor Name:BP_Trap_C_UAID_18C04DE5437D95BE01_1679885039 Label:BP_Trap13 SpatiallyLoaded:1 Bounds:IsValid=true, Min=(X=1345.000 Y=1525.000 Z=-15.000), Max=(X=1375.000 Y=1555.000 Z=15.000) RuntimeGrid:None EditorOnly:0 RuntimeOnly:0 HLODRelevant:0
 |   |   |- [+] [ 47]
 |   |   |   |- Guid:31132F0B41BDF3C364C5B483C82EA08E BaseClass:/Game/Blueprints/BP_Trap.BP_Trap_C NativeClass:/Script/Engine.Actor Name:BP_Trap_C_UAID_18C04DE5437D95BE01_1600759027 Label:BP_Trap2 SpatiallyLoaded:1 Bounds:IsValid=true, Min=(X=1375.000 Y=1525.000 Z=-15.000), Max=(X=1405.000 Y=1555.000 Z=15.000) RuntimeGrid:None EditorOnly:0 RuntimeOnly:0 HLODRelevant:0
 |   |   |- [+] [ 48]
 |   |   |   |- Guid:FCE21DA8403081F53DE2F9838E657EDE BaseClass:/Game/Blueprints/BP_Trap.BP_Trap_C NativeClass:/Script/Engine.Actor Name:BP_Trap_C_UAID_18C04DE5437D95BE01_1604960028 Label:BP_Trap3 SpatiallyLoaded:1 Bounds:IsValid=true, Min=(X=1375.000 Y=1555.000 Z=-15.000), Max=(X=1405.000 Y=1585.000 Z=15.000) RuntimeGrid:None EditorOnly:0 RuntimeOnly:0 HLODRelevant:0
 |   |   |- [+] [ 49]
 |   |   |   |- Guid:973F749E47D2D43B6C5CDA9301B9BA0D BaseClass:/Game/Blueprints/BP_Trap.BP_Trap_C NativeClass:/Script/Engine.Actor Name:BP_Trap_C_UAID_18C04DE5437D95BE01_1629856029 Label:BP_Trap4 SpatiallyLoaded:1 Bounds:IsValid=true, Min=(X=1375.000 Y=1585.000 Z=-15.000), Max=(X=1405.000 Y=1615.000 Z=15.000) RuntimeGrid:None EditorOnly:0 RuntimeOnly:0 HLODRelevant:0
 |   |   |- [+] [ 50]
 |   |   |   |- Guid:C5DCC00D40E8F69AB94B6380149A81D8 BaseClass:/Game/Blueprints/BP_Trap.BP_Trap_C NativeClass:/Script/Engine.Actor Name:BP_Trap_C_UAID_18C04DE5437D95BE01_1634213030 Label:BP_Trap5 SpatiallyLoaded:1 Bounds:IsValid=true, Min=(X=1375.000 Y=1615.000 Z=-15.000), Max=(X=1405.000 Y=1645.000 Z=15.000) RuntimeGrid:None EditorOnly:0 RuntimeOnly:0 HLODRelevant:0
 |   |   |- [+] [ 51]
 |   |   |   |- Guid:02A298B740A4EC6B5B1BA5973ACD5488 BaseClass:/Game/Blueprints/BP_Trap.BP_Trap_C NativeClass:/Script/Engine.Actor Name:BP_Trap_C_UAID_18C04DE5437D95BE01_1637772031 Label:BP_Trap6 SpatiallyLoaded:1 Bounds:IsValid=true, Min=(X=1375.000 Y=1645.000 Z=-15.000), Max=(X=1405.000 Y=1675.000 Z=15.000) RuntimeGrid:None EditorOnly:0 RuntimeOnly:0 HLODRelevant:0
 |   |   |- [+] [ 52]
 |   |   |   |- Guid:C43901AC4FBCE8652E4CB6B71EB71A6F BaseClass:/Game/Blueprints/BP_Trap.BP_Trap_C NativeClass:/Script/Engine.Actor Name:BP_Trap_C_UAID_18C04DE5437D95BE01_1641114032 Label:BP_Trap7 SpatiallyLoaded:1 Bounds:IsValid=true, Min=(X=1375.000 Y=1675.000 Z=-15.000), Max=(X=1405.000 Y=1705.000 Z=15.000) RuntimeGrid:None EditorOnly:0 RuntimeOnly:0 HLODRelevant:0
 |   |   |- [+] [ 53]
 |   |   |   |- Guid:41C8F1CD4D55BFB57EDDF883B5EEFFBF BaseClass:/Game/Blueprints/BP_Trap.BP_Trap_C NativeClass:/Script/Engine.Actor Name:BP_Trap_C_UAID_18C04DE5437D95BE01_1661758033 Label:BP_Trap8 SpatiallyLoaded:1 Bounds:IsValid=true, Min=(X=1345.000 Y=1675.000 Z=-15.000), Max=(X=1375.000 Y=1705.000 Z=15.000) RuntimeGrid:None EditorOnly:0 RuntimeOnly:0 HLODRelevant:0
 |   |   |- [+] [ 54]
 |   |   |   |- Guid:7CB9972741BFD45F8B2B5392A45CF9EE BaseClass:/Game/Blueprints/BP_Trap.BP_Trap_C NativeClass:/Script/Engine.Actor Name:BP_Trap_C_UAID_18C04DE5437D95BE01_1684283040 Label:BP_Trap14 SpatiallyLoaded:1 Bounds:IsValid=true, Min=(X=1345.000 Y=1495.000 Z=-15.000), Max=(X=1375.000 Y=1525.000 Z=15.000) RuntimeGrid:None EditorOnly:0 RuntimeOnly:0 HLODRelevant:0
 |   |   |- [+] [ 55]
 |   |   |   |- Guid:CAEA7E464B6E1BEB9F62BBB376EF54A9 BaseClass:/Game/Blueprints/BP_Trap.BP_Trap_C NativeClass:/Script/Engine.Actor Name:BP_Trap_C_UAID_18C04DE5437D95BE01_1670744035 Label:BP_Trap9 SpatiallyLoaded:1 Bounds:IsValid=true, Min=(X=1345.000 Y=1645.000 Z=-15.000), Max=(X=1375.000 Y=1675.000 Z=15.000) RuntimeGrid:None EditorOnly:0 RuntimeOnly:0 HLODRelevant:0
 |   |   |- [+] [ 56]
 |   |   |   |- Guid:12A2B23843023BE7FC16F1A1701286CA BaseClass:/Game/Blueprints/BP_Trap.BP_Trap_C NativeClass:/Script/Engine.Actor Name:BP_Trap_C_UAID_18C04DE5437D95BE01_1808373041 Label:BP_Trap15 SpatiallyLoaded:1 Bounds:IsValid=true, Min=(X=1315.000 Y=1495.000 Z=-15.000), Max=(X=1345.000 Y=1525.000 Z=15.000) RuntimeGrid:None EditorOnly:0 RuntimeOnly:0 HLODRelevant:0
 |   |   |- [+] [ 57]
 |   |   |   |- Guid:B829B8344E5475B83E26AC85A5FBDB87 BaseClass:/Game/Blueprints/BP_Trap.BP_Trap_C NativeClass:/Script/Engine.Actor Name:BP_Trap_C_UAID_18C04DE5437D95BE01_1808375042 Label:BP_Trap16 SpatiallyLoaded:1 Bounds:IsValid=true, Min=(X=1315.000 Y=1525.000 Z=-15.000), Max=(X=1345.000 Y=1555.000 Z=15.000) RuntimeGrid:None EditorOnly:0 RuntimeOnly:0 HLODRelevant:0
 |   |   |- [+] [ 58]
 |   |   |   |- Guid:01D2EAB34FE8495EAD15C6BDC9DCC650 BaseClass:/Game/Blueprints/BP_Trap.BP_Trap_C NativeClass:/Script/Engine.Actor Name:BP_Trap_C_UAID_18C04DE5437D95BE01_1808376043 Label:BP_Trap17 SpatiallyLoaded:1 Bounds:IsValid=true, Min=(X=1315.000 Y=1555.000 Z=-15.000), Max=(X=1345.000 Y=1585.000 Z=15.000) RuntimeGrid:None EditorOnly:0 RuntimeOnly:0 HLODRelevant:0
 |   |   |- [+] [ 59]
 |   |   |   |- Guid:207AA9DC4EAF2061442CDD84DBD47182 BaseClass:/Game/Blueprints/BP_Trap.BP_Trap_C NativeClass:/Script/Engine.Actor Name:BP_Trap_C_UAID_18C04DE5437D95BE01_1808377044 Label:BP_Trap18 SpatiallyLoaded:1 Bounds:IsValid=true, Min=(X=1315.000 Y=1585.000 Z=-15.000), Max=(X=1345.000 Y=1615.000 Z=15.000) RuntimeGrid:None EditorOnly:0 RuntimeOnly:0 HLODRelevant:0
 |   |   |- [+] [ 60]
 |   |   |   |- Guid:A8F6B23D4E449773710917A147B46763 BaseClass:/Game/Blueprints/BP_Trap.BP_Trap_C NativeClass:/Script/Engine.Actor Name:BP_Trap_C_UAID_18C04DE5437D95BE01_1808378045 Label:BP_Trap19 SpatiallyLoaded:1 Bounds:IsValid=true, Min=(X=1315.000 Y=1615.000 Z=-15.000), Max=(X=1345.000 Y=1645.000 Z=15.000) RuntimeGrid:None EditorOnly:0 RuntimeOnly:0 HLODRelevant:0
 |   |   |- [+] [ 61]
 |   |   |   |- Guid:E2ED70E443C78367613519977B8CB52E BaseClass:/Game/Blueprints/BP_Trap.BP_Trap_C NativeClass:/Script/Engine.Actor Name:BP_Trap_C_UAID_18C04DE5437D95BE01_1808379046 Label:BP_Trap20 SpatiallyLoaded:1 Bounds:IsValid=true, Min=(X=1315.000 Y=1645.000 Z=-15.000), Max=(X=1345.000 Y=1675.000 Z=15.000) RuntimeGrid:None EditorOnly:0 RuntimeOnly:0 HLODRelevant:0
 |   |   |- [+] [ 62]
 |   |   |   |- Guid:C4390B6549463CE49EBDCF89FCDA49D3 BaseClass:/Game/Blueprints/BP_Trap.BP_Trap_C NativeClass:/Script/Engine.Actor Name:BP_Trap_C_UAID_18C04DE5437D95BE01_1808380047 Label:BP_Trap21 SpatiallyLoaded:1 Bounds:IsValid=true, Min=(X=1315.000 Y=1675.000 Z=-15.000), Max=(X=1345.000 Y=1705.000 Z=15.000) RuntimeGrid:None EditorOnly:0 RuntimeOnly:0 HLODRelevant:0
 |   |   |- [+] [ 63]
 |   |   |   |- Guid:DAC5BCAE41059104D3D28DAFE403579C BaseClass:/Game/Blueprints/BP_Trap.BP_Trap_C NativeClass:/Script/Engine.Actor Name:BP_Trap_C_UAID_18C04DE5437D95BE01_1808381048 Label:BP_Trap22 SpatiallyLoaded:1 Bounds:IsValid=true, Min=(X=1285.000 Y=1675.000 Z=-15.000), Max=(X=1315.000 Y=1705.000 Z=15.000) RuntimeGrid:None EditorOnly:0 RuntimeOnly:0 HLODRelevant:0
 |   |   |- [+] [ 64]
 |   |   |   |- Guid:1C0D904E45E706450CBCDDAD1D6E7B48 BaseClass:/Game/Blueprints/BP_Trap.BP_Trap_C NativeClass:/Script/Engine.Actor Name:BP_Trap_C_UAID_18C04DE5437D95BE01_1808381049 Label:BP_Trap23 SpatiallyLoaded:1 Bounds:IsValid=true, Min=(X=1285.000 Y=1645.000 Z=-15.000), Max=(X=1315.000 Y=1675.000 Z=15.000) RuntimeGrid:None EditorOnly:0 RuntimeOnly:0 HLODRelevant:0
 |   |   |- [+] [ 65]
 |   |   |   |- Guid:F2B5ABBE405452B8D47872B555736AAA BaseClass:/Game/Blueprints/BP_Trap.BP_Trap_C NativeClass:/Script/Engine.Actor Name:BP_Trap_C_UAID_18C04DE5437D95BE01_1808382050 Label:BP_Trap24 SpatiallyLoaded:1 Bounds:IsValid=true, Min=(X=1285.000 Y=1615.000 Z=-15.000), Max=(X=1315.000 Y=1645.000 Z=15.000) RuntimeGrid:None EditorOnly:0 RuntimeOnly:0 HLODRelevant:0
 |   |   |- [+] [ 66]
 |   |   |   |- Guid:4BC198F548FA2B83AA624DB28245423C BaseClass:/Game/Blueprints/BP_Trap.BP_Trap_C NativeClass:/Script/Engine.Actor Name:BP_Trap_C_UAID_18C04DE5437D95BE01_1808383051 Label:BP_Trap25 SpatiallyLoaded:1 Bounds:IsValid=true, Min=(X=1285.000 Y=1585.000 Z=-15.000), Max=(X=1315.000 Y=1615.000 Z=15.000) RuntimeGrid:None EditorOnly:0 RuntimeOnly:0 HLODRelevant:0
 |   |   |- [+] [ 67]
 |   |   |   |- Guid:8887068D4E8340077097429E8B9F0D4A BaseClass:/Game/Blueprints/BP_Trap.BP_Trap_C NativeClass:/Script/Engine.Actor Name:BP_Trap_C_UAID_18C04DE5437D95BE01_1808384052 Label:BP_Trap26 SpatiallyLoaded:1 Bounds:IsValid=true, Min=(X=1285.000 Y=1555.000 Z=-15.000), Max=(X=1315.000 Y=1585.000 Z=15.000) RuntimeGrid:None EditorOnly:0 RuntimeOnly:0 HLODRelevant:0
 |   |   |- [+] [ 68]
 |   |   |   |- Guid:45B773634519D30E10FD8FB0F93E4148 BaseClass:/Game/Blueprints/BP_Trap.BP_Trap_C NativeClass:/Script/Engine.Actor Name:BP_Trap_C_UAID_18C04DE5437D95BE01_1808385053 Label:BP_Trap27 SpatiallyLoaded:1 Bounds:IsValid=true, Min=(X=1285.000 Y=1525.000 Z=-15.000), Max=(X=1315.000 Y=1555.000 Z=15.000) RuntimeGrid:None EditorOnly:0 RuntimeOnly:0 HLODRelevant:0
 |   |   |- [+] [ 69]
 |   |   |   |- Guid:32EC7A7B4028BA56C3E0B5AAA353AD53 BaseClass:/Game/Blueprints/BP_Trap.BP_Trap_C NativeClass:/Script/Engine.Actor Name:BP_Trap_C_UAID_18C04DE5437D95BE01_1808386054 Label:BP_Trap28 SpatiallyLoaded:1 Bounds:IsValid=true, Min=(X=1285.000 Y=1495.000 Z=-15.000), Max=(X=1315.000 Y=1525.000 Z=15.000) RuntimeGrid:None EditorOnly:0 RuntimeOnly:0 HLODRelevant:0
 |- ContainerInstances:
 |- [+] MainContainer:
 |   |-        ID: 0x0000000000000000
 |   |-    Bounds: IsValid=false, Min=(X=0.000 Y=0.000 Z=0.000), Max=(X=0.000 Y=0.000 Z=0.000)
 |   |- Transform: 0.000000,0.000000,0.000000|0.000000,0.000000,-0.000000|1.000000,1.000000,1.000000
 |   |- Container: /Game/ThirdPerson/Maps/ThirdPersonMap
----------------------------------------------------------------------------------------------------------------
ThirdPersonMap - Persistent Level
----------------------------------------------------------------------------------------------------------------
Always loaded Actor Count: 372 

----------------------------------------------------------------------------------------------------------------
ThirdPersonMap - Runtime Spatial Hash - Streaming Grid - MainGrid
----------------------------------------------------------------------------------------------------------------
            Origin: X=0.000 Y=0.000 Z=0.000
         Cell Size: 12800
      World Bounds: IsValid=false, Min=(X=0.000 Y=0.000 Z=0.000), Max=(X=0.000 Y=0.000 Z=0.000)
     Loading Range: 25600.00
Block Slow Loading: No
 ClientOnlyVisible: No

[+] Grid Levels: 1
 |- Level  0: Cell Count    0 | Cell Size   12800 | Actor Count    0 (0.0%)

[+] Content of Grid Level 0

